<?xml version="1.0" encoding="UTF-8"?>
<!-- Generated by org.testng.reporters.JUnitReportReporter -->
<testsuite hostname="LIN80023503" failures="0" tests="1" name="mavenforjenkins.UITest" time="11.655" errors="0" timestamp="2024-04-02T12:25:07 IST" skipped="0">
  <testcase classname="mavenforjenkins.UITest" name="startBrowser" time="11.655"/>
  <system-out/>
</testsuite> <!-- mavenforjenkins.UITest -->
